<?xml version="1.0" encoding="UTF-8"?>
<!-- Generated by org.testng.reporters.JUnitReportReporter -->
<testsuite hostname="SHANKAR-PC" failures="0" tests="1" name="com.tour.qa.testcases.EmpSelectPageTest" time="43.992" errors="0" timestamp="11 Sep 2022 10:57:28 GMT" skipped="0">
  <testcase classname="com.tour.qa.testcases.EmpSelectPageTest" name="EmployeeSearchTest" time="43.992"/>
</testsuite> <!-- com.tour.qa.testcases.EmpSelectPageTest -->
