<?xml version="1.0" encoding="UTF-8"?>
<!-- Generated by org.testng.reporters.JUnitReportReporter -->
<testsuite hostname="SHANKAR-PC" failures="0" tests="2" name="com.tour.qa.testcases.SwitchRolePageTest" time="36.048" errors="0" timestamp="10 Sep 2022 10:58:05 GMT" skipped="0">
  <testcase classname="com.tour.qa.testcases.SwitchRolePageTest" name="ValidateSwitchRolePageTitleTest" time="11.891"/>
  <testcase classname="com.tour.qa.testcases.SwitchRolePageTest" name="ClickOnSwitchRoleBtnTest" time="24.157"/>
</testsuite> <!-- com.tour.qa.testcases.SwitchRolePageTest -->
