<?xml version="1.0" encoding="UTF-8"?>
<!-- Generated by org.testng.reporters.JUnitReportReporter -->
<testsuite hostname="SHANKAR-PC" failures="0" tests="1" name="com.tour.qa.testcases.AppListPageTest" time="18.259" errors="0" timestamp="17 Oct 2022 17:45:15 GMT" skipped="0">
  <testcase classname="com.tour.qa.testcases.AppListPageTest" name="SelectAppTest" time="18.259"/>
</testsuite> <!-- com.tour.qa.testcases.AppListPageTest -->
